/sw/apps/bioinfo/quast/5.0.2/rackham/bin/quast.py -R /home/linna/GenomeAnalysis/raw_data/reference/OBMB01.fasta --threads 2 /home/linna/GenomeAnalysis/code/results/lferriphilum-pacbio/lferriphilum.contigs.fasta

Version: 5.0.2

System information:
  OS: Linux-3.10.0-1160.21.1.el7.x86_64-x86_64-with-centos-7.9.2009-Core (linux_64)
  Python version: 3.7.2
  CPUs number: 40

Started: 2021-04-15 12:03:44

Logging to /domus/h1/linna/GenomeAnalysis/code/quast_results/results_2021_04_15_12_03_44/quast.log

CWD: /domus/h1/linna/GenomeAnalysis/code
Main parameters: 
  MODE: default, threads: 2, minimum contig length: 500, minimum alignment length: 65, \
  ambiguity: one, threshold for extensive misassembly size: 1000

Reference:
  /home/linna/GenomeAnalysis/raw_data/reference/OBMB01.fasta ==> OBMB01

Contigs:
  Pre-processing...
  /home/linna/GenomeAnalysis/code/results/lferriphilum-pacbio/lferriphilum.contigs.fasta ==> lferriphilum.contigs

2021-04-15 12:03:47
Running Basic statistics processor...
  Reference genome:
    OBMB01.fasta, length = 2610531, num fragments = 2, GC % = 54.14
  Contig files: 
    lferriphilum.contigs
  Calculating N50 and L50...
    lferriphilum.contigs, N50 = 2574017, L50 = 1, Total length = 2574017, GC % = 54.18, # N's per 100 kbp =  0.00
  Drawing Nx plot...
    saved to /domus/h1/linna/GenomeAnalysis/code/quast_results/results_2021_04_15_12_03_44/basic_stats/Nx_plot.pdf
  Drawing NGx plot...
    saved to /domus/h1/linna/GenomeAnalysis/code/quast_results/results_2021_04_15_12_03_44/basic_stats/NGx_plot.pdf
  Drawing cumulative plot...
    saved to /domus/h1/linna/GenomeAnalysis/code/quast_results/results_2021_04_15_12_03_44/basic_stats/cumulative_plot.pdf
  Drawing GC content plot...
    saved to /domus/h1/linna/GenomeAnalysis/code/quast_results/results_2021_04_15_12_03_44/basic_stats/GC_content_plot.pdf
  Drawing lferriphilum.contigs GC content plot...
    saved to /domus/h1/linna/GenomeAnalysis/code/quast_results/results_2021_04_15_12_03_44/basic_stats/lferriphilum.contigs_GC_content_plot.pdf
Done.

2021-04-15 12:03:51
Running Contig analyzer...
  lferriphilum.contigs
  Logging to files /domus/h1/linna/GenomeAnalysis/code/quast_results/results_2021_04_15_12_03_44/contigs_reports/contigs_report_lferriphilum-contigs.stdout and contigs_report_lferriphilum-contigs.stderr...
  Aligning contigs to the reference
  /sw/bioinfo/quast/5.0.2/rackham/lib/python3.7/site-packages/quast_libs/minimap2/minimap2 \
  -c -x asm5 -B5 -O4,16 --no-long-join -r 85 -N 50 -s 65 -z 200 --mask-level 0.9 --min-occ \
  200 -g 2500 --score-N 2 --cs -t 2 quast_results/results_2021_04_15_12_03_44/quast_corrected_input/OBMB01.fasta \
  quast_results/results_2021_04_15_12_03_44/quast_corrected_input/lferriphilum_contigs.fasta \
  > quast_results/results_2021_04_15_12_03_44/contigs_reports/minimap_output/lferriphilum-contigs.coords_tmp \
  2>> quast_results/results_2021_04_15_12_03_44/contigs_reports/contigs_report_lferriphilum-contigs.stderr
  Analysis is finished.

  Creating total report...
    saved to /domus/h1/linna/GenomeAnalysis/code/quast_results/results_2021_04_15_12_03_44/contigs_reports/misassemblies_report.txt, misassemblies_report.tsv, and misassemblies_report.tex
  Transposed version of total report...
    saved to /domus/h1/linna/GenomeAnalysis/code/quast_results/results_2021_04_15_12_03_44/contigs_reports/transposed_report_misassemblies.txt, transposed_report_misassemblies.tsv, and transposed_report_misassemblies.tex
  Creating total report...
    saved to /domus/h1/linna/GenomeAnalysis/code/quast_results/results_2021_04_15_12_03_44/contigs_reports/unaligned_report.txt, unaligned_report.tsv, and unaligned_report.tex
  Drawing misassemblies by types plot...
    saved to /domus/h1/linna/GenomeAnalysis/code/quast_results/results_2021_04_15_12_03_44/contigs_reports/misassemblies_plot.pdf
  Drawing misassemblies FRCurve plot...
    saved to /domus/h1/linna/GenomeAnalysis/code/quast_results/results_2021_04_15_12_03_44/contigs_reports/misassemblies_frcurve_plot.pdf
Done.

2021-04-15 12:03:54
Running NA-NGA calculation...
  lferriphilum.contigs, Largest alignment = 2563292, NA50 = 2563292, NGA50 = 2563292, LA50 = 1, LGA50 = 1
  Drawing cumulative plot...
    saved to /domus/h1/linna/GenomeAnalysis/code/quast_results/results_2021_04_15_12_03_44/aligned_stats/cumulative_plot.pdf
  Drawing NAx plot...
    saved to /domus/h1/linna/GenomeAnalysis/code/quast_results/results_2021_04_15_12_03_44/aligned_stats/NAx_plot.pdf
  Drawing NGAx plot...
    saved to /domus/h1/linna/GenomeAnalysis/code/quast_results/results_2021_04_15_12_03_44/aligned_stats/NGAx_plot.pdf
Done.

2021-04-15 12:03:56
Running Genome analyzer...
  NOTICE: No file with genomic features were provided. Use the --features option if you want to specify it.

  NOTICE: No file with operons were provided. Use the -O option if you want to specify it.
  lferriphilum.contigs
  Analysis is finished.
  Skipping drawing Genome fraction, % histogram... (less than 2 columns histogram makes no sense)
Done.

NOTICE: Genes are not predicted by default. Use --gene-finding or --glimmer option to enable it.

2021-04-15 12:03:57
Creating large visual summaries...
This may take a while: press Ctrl-C to skip this step..
  1 of 2: Creating Icarus viewers...
  2 of 2: Creating PDF with all tables and plots...
Done

2021-04-15 12:04:00
RESULTS:
  Text versions of total report are saved to /domus/h1/linna/GenomeAnalysis/code/quast_results/results_2021_04_15_12_03_44/report.txt, report.tsv, and report.tex
  Text versions of transposed total report are saved to /domus/h1/linna/GenomeAnalysis/code/quast_results/results_2021_04_15_12_03_44/transposed_report.txt, transposed_report.tsv, and transposed_report.tex
  HTML version (interactive tables and plots) is saved to /domus/h1/linna/GenomeAnalysis/code/quast_results/results_2021_04_15_12_03_44/report.html
  PDF version (tables and plots) is saved to /domus/h1/linna/GenomeAnalysis/code/quast_results/results_2021_04_15_12_03_44/report.pdf
  Icarus (contig browser) is saved to /domus/h1/linna/GenomeAnalysis/code/quast_results/results_2021_04_15_12_03_44/icarus.html
  Log is saved to /domus/h1/linna/GenomeAnalysis/code/quast_results/results_2021_04_15_12_03_44/quast.log

Finished: 2021-04-15 12:04:00
Elapsed time: 0:00:15.745482
NOTICEs: 3; WARNINGs: 0; non-fatal ERRORs: 0

Thank you for using QUAST!
